<?xml version="1.0" encoding="UTF-8"?>
<!-- Generated by org.testng.reporters.JUnitReportReporter -->
<testsuite hostname="ordi-damien.local" failures="0" tests="1" name="com.hb.BookTest" time="0.012" errors="0" timestamp="2024-08-01T15:26:11 CEST" skipped="0">
  <testcase classname="com.hb.BookTest" name="testGetAge" time="0.012"/>
  <system-out/>
</testsuite> <!-- com.hb.BookTest -->
