<?xml version="1.0" encoding="UTF-8"?>
<testsuite xmlns:xsi="http://www.w3.org/2001/XMLSchema-instance" xsi:noNamespaceSchemaLocation="https://maven.apache.org/surefire/maven-surefire-plugin/xsd/surefire-test-report.xsd" name="TestSuite" time="0.205" tests="2" errors="0" skipped="0" failures="0">
  <properties>
    <property name="java.specification.version" value="22"/>
    <property name="sun.jnu.encoding" value="UTF-8"/>
    <property name="java.class.path" value="/Users/ddubost6998/Fichiers/Pro/Human_Booster/CDA/10_Maven/App/library/target/test-classes:/Users/ddubost6998/Fichiers/Pro/Human_Booster/CDA/10_Maven/App/library/target/classes:/Users/ddubost6998/.m2/repository/junit/junit/4.11/junit-4.11.jar:/Users/ddubost6998/.m2/repository/org/hamcrest/hamcrest-core/1.3/hamcrest-core-1.3.jar:/Users/ddubost6998/.m2/repository/org/hibernate/hibernate-core/5.6.0.Final/hibernate-core-5.6.0.Final.jar:/Users/ddubost6998/.m2/repository/org/jboss/logging/jboss-logging/3.4.2.Final/jboss-logging-3.4.2.Final.jar:/Users/ddubost6998/.m2/repository/javax/persistence/javax.persistence-api/2.2/javax.persistence-api-2.2.jar:/Users/ddubost6998/.m2/repository/net/bytebuddy/byte-buddy/1.11.20/byte-buddy-1.11.20.jar:/Users/ddubost6998/.m2/repository/antlr/antlr/2.7.7/antlr-2.7.7.jar:/Users/ddubost6998/.m2/repository/org/jboss/spec/javax/transaction/jboss-transaction-api_1.2_spec/1.1.1.Final/jboss-transaction-api_1.2_spec-1.1.1.Final.jar:/Users/ddubost6998/.m2/repository/org/jboss/jandex/2.2.3.Final/jandex-2.2.3.Final.jar:/Users/ddubost6998/.m2/repository/com/fasterxml/classmate/1.5.1/classmate-1.5.1.jar:/Users/ddubost6998/.m2/repository/javax/activation/javax.activation-api/1.2.0/javax.activation-api-1.2.0.jar:/Users/ddubost6998/.m2/repository/org/hibernate/common/hibernate-commons-annotations/5.1.2.Final/hibernate-commons-annotations-5.1.2.Final.jar:/Users/ddubost6998/.m2/repository/javax/xml/bind/jaxb-api/2.3.1/jaxb-api-2.3.1.jar:/Users/ddubost6998/.m2/repository/org/glassfish/jaxb/jaxb-runtime/2.3.1/jaxb-runtime-2.3.1.jar:/Users/ddubost6998/.m2/repository/org/glassfish/jaxb/txw2/2.3.1/txw2-2.3.1.jar:/Users/ddubost6998/.m2/repository/com/sun/istack/istack-commons-runtime/3.0.7/istack-commons-runtime-3.0.7.jar:/Users/ddubost6998/.m2/repository/org/jvnet/staxex/stax-ex/1.8/stax-ex-1.8.jar:/Users/ddubost6998/.m2/repository/com/sun/xml/fastinfoset/FastInfoset/1.2.15/FastInfoset-1.2.15.jar:/Users/ddubost6998/.m2/repository/mysql/mysql-connector-java/8.0.26/mysql-connector-java-8.0.26.jar:/Users/ddubost6998/.m2/repository/com/google/protobuf/protobuf-java/3.11.4/protobuf-java-3.11.4.jar:/Users/ddubost6998/.m2/repository/org/liquibase/liquibase-core/4.28.0/liquibase-core-4.28.0.jar:/Users/ddubost6998/.m2/repository/com/opencsv/opencsv/5.9/opencsv-5.9.jar:/Users/ddubost6998/.m2/repository/org/apache/commons/commons-text/1.11.0/commons-text-1.11.0.jar:/Users/ddubost6998/.m2/repository/org/apache/commons/commons-collections4/4.4/commons-collections4-4.4.jar:/Users/ddubost6998/.m2/repository/org/yaml/snakeyaml/2.2/snakeyaml-2.2.jar:/Users/ddubost6998/.m2/repository/commons-io/commons-io/2.16.1/commons-io-2.16.1.jar:/Users/ddubost6998/.m2/repository/org/apache/commons/commons-lang3/3.14.0/commons-lang3-3.14.0.jar:/Users/ddubost6998/.m2/repository/org/testng/testng/7.4.0/testng-7.4.0.jar:/Users/ddubost6998/.m2/repository/com/beust/jcommander/1.78/jcommander-1.78.jar:/Users/ddubost6998/.m2/repository/org/webjars/jquery/3.5.1/jquery-3.5.1.jar:"/>
    <property name="java.vm.vendor" value="Homebrew"/>
    <property name="sun.arch.data.model" value="64"/>
    <property name="java.vendor.url" value="https://github.com/Homebrew/homebrew-core/issues"/>
    <property name="os.name" value="Mac OS X"/>
    <property name="java.vm.specification.version" value="22"/>
    <property name="sun.java.launcher" value="SUN_STANDARD"/>
    <property name="user.country" value="FR"/>
    <property name="sun.boot.library.path" value="/opt/homebrew/Cellar/openjdk/22.0.2/libexec/openjdk.jdk/Contents/Home/lib"/>
    <property name="sun.java.command" value="/Users/ddubost6998/Fichiers/Pro/Human_Booster/CDA/10_Maven/App/library/target/surefire/surefirebooter10637411073382311036.jar /Users/ddubost6998/Fichiers/Pro/Human_Booster/CDA/10_Maven/App/library/target/surefire 2024-08-01T15-26-11_246-jvmRun1 surefire9175571366660861399tmp surefire_016833938393487499212tmp"/>
    <property name="http.nonProxyHosts" value="local|*.local|169.254/16|*.169.254/16"/>
    <property name="jdk.debug" value="release"/>
    <property name="surefire.test.class.path" value="/Users/ddubost6998/Fichiers/Pro/Human_Booster/CDA/10_Maven/App/library/target/test-classes:/Users/ddubost6998/Fichiers/Pro/Human_Booster/CDA/10_Maven/App/library/target/classes:/Users/ddubost6998/.m2/repository/junit/junit/4.11/junit-4.11.jar:/Users/ddubost6998/.m2/repository/org/hamcrest/hamcrest-core/1.3/hamcrest-core-1.3.jar:/Users/ddubost6998/.m2/repository/org/hibernate/hibernate-core/5.6.0.Final/hibernate-core-5.6.0.Final.jar:/Users/ddubost6998/.m2/repository/org/jboss/logging/jboss-logging/3.4.2.Final/jboss-logging-3.4.2.Final.jar:/Users/ddubost6998/.m2/repository/javax/persistence/javax.persistence-api/2.2/javax.persistence-api-2.2.jar:/Users/ddubost6998/.m2/repository/net/bytebuddy/byte-buddy/1.11.20/byte-buddy-1.11.20.jar:/Users/ddubost6998/.m2/repository/antlr/antlr/2.7.7/antlr-2.7.7.jar:/Users/ddubost6998/.m2/repository/org/jboss/spec/javax/transaction/jboss-transaction-api_1.2_spec/1.1.1.Final/jboss-transaction-api_1.2_spec-1.1.1.Final.jar:/Users/ddubost6998/.m2/repository/org/jboss/jandex/2.2.3.Final/jandex-2.2.3.Final.jar:/Users/ddubost6998/.m2/repository/com/fasterxml/classmate/1.5.1/classmate-1.5.1.jar:/Users/ddubost6998/.m2/repository/javax/activation/javax.activation-api/1.2.0/javax.activation-api-1.2.0.jar:/Users/ddubost6998/.m2/repository/org/hibernate/common/hibernate-commons-annotations/5.1.2.Final/hibernate-commons-annotations-5.1.2.Final.jar:/Users/ddubost6998/.m2/repository/javax/xml/bind/jaxb-api/2.3.1/jaxb-api-2.3.1.jar:/Users/ddubost6998/.m2/repository/org/glassfish/jaxb/jaxb-runtime/2.3.1/jaxb-runtime-2.3.1.jar:/Users/ddubost6998/.m2/repository/org/glassfish/jaxb/txw2/2.3.1/txw2-2.3.1.jar:/Users/ddubost6998/.m2/repository/com/sun/istack/istack-commons-runtime/3.0.7/istack-commons-runtime-3.0.7.jar:/Users/ddubost6998/.m2/repository/org/jvnet/staxex/stax-ex/1.8/stax-ex-1.8.jar:/Users/ddubost6998/.m2/repository/com/sun/xml/fastinfoset/FastInfoset/1.2.15/FastInfoset-1.2.15.jar:/Users/ddubost6998/.m2/repository/mysql/mysql-connector-java/8.0.26/mysql-connector-java-8.0.26.jar:/Users/ddubost6998/.m2/repository/com/google/protobuf/protobuf-java/3.11.4/protobuf-java-3.11.4.jar:/Users/ddubost6998/.m2/repository/org/liquibase/liquibase-core/4.28.0/liquibase-core-4.28.0.jar:/Users/ddubost6998/.m2/repository/com/opencsv/opencsv/5.9/opencsv-5.9.jar:/Users/ddubost6998/.m2/repository/org/apache/commons/commons-text/1.11.0/commons-text-1.11.0.jar:/Users/ddubost6998/.m2/repository/org/apache/commons/commons-collections4/4.4/commons-collections4-4.4.jar:/Users/ddubost6998/.m2/repository/org/yaml/snakeyaml/2.2/snakeyaml-2.2.jar:/Users/ddubost6998/.m2/repository/commons-io/commons-io/2.16.1/commons-io-2.16.1.jar:/Users/ddubost6998/.m2/repository/org/apache/commons/commons-lang3/3.14.0/commons-lang3-3.14.0.jar:/Users/ddubost6998/.m2/repository/org/testng/testng/7.4.0/testng-7.4.0.jar:/Users/ddubost6998/.m2/repository/com/beust/jcommander/1.78/jcommander-1.78.jar:/Users/ddubost6998/.m2/repository/org/webjars/jquery/3.5.1/jquery-3.5.1.jar:"/>
    <property name="sun.cpu.endian" value="little"/>
    <property name="user.home" value="/Users/ddubost6998"/>
    <property name="user.language" value="fr"/>
    <property name="java.specification.vendor" value="Oracle Corporation"/>
    <property name="java.version.date" value="2024-07-16"/>
    <property name="java.home" value="/opt/homebrew/Cellar/openjdk/22.0.2/libexec/openjdk.jdk/Contents/Home"/>
    <property name="file.separator" value="/"/>
    <property name="basedir" value="/Users/ddubost6998/Fichiers/Pro/Human_Booster/CDA/10_Maven/App/library"/>
    <property name="java.vm.compressedOopsMode" value="Zero based"/>
    <property name="line.separator" value="&#10;"/>
    <property name="java.vm.specification.vendor" value="Oracle Corporation"/>
    <property name="java.specification.name" value="Java Platform API Specification"/>
    <property name="apple.awt.application.name" value="ForkedBooter"/>
    <property name="surefire.real.class.path" value="/Users/ddubost6998/Fichiers/Pro/Human_Booster/CDA/10_Maven/App/library/target/surefire/surefirebooter10637411073382311036.jar"/>
    <property name="sun.management.compiler" value="HotSpot 64-Bit Tiered Compilers"/>
    <property name="ftp.nonProxyHosts" value="local|*.local|169.254/16|*.169.254/16"/>
    <property name="java.runtime.version" value="22.0.2"/>
    <property name="user.name" value="ddubost6998"/>
    <property name="stdout.encoding" value="UTF-8"/>
    <property name="path.separator" value=":"/>
    <property name="os.version" value="14.5"/>
    <property name="java.runtime.name" value="OpenJDK Runtime Environment"/>
    <property name="file.encoding" value="UTF-8"/>
    <property name="java.vm.name" value="OpenJDK 64-Bit Server VM"/>
    <property name="java.vendor.version" value="Homebrew"/>
    <property name="localRepository" value="/Users/ddubost6998/.m2/repository"/>
    <property name="java.vendor.url.bug" value="https://github.com/Homebrew/homebrew-core/issues"/>
    <property name="java.io.tmpdir" value="/var/folders/mn/vrw9p7l97q74tvxmsfcwj4240000gn/T/"/>
    <property name="java.version" value="22.0.2"/>
    <property name="user.dir" value="/Users/ddubost6998/Fichiers/Pro/Human_Booster/CDA/10_Maven/App/library"/>
    <property name="os.arch" value="aarch64"/>
    <property name="java.vm.specification.name" value="Java Virtual Machine Specification"/>
    <property name="native.encoding" value="UTF-8"/>
    <property name="java.library.path" value="/Users/ddubost6998/Library/Java/Extensions:/Library/Java/Extensions:/Network/Library/Java/Extensions:/System/Library/Java/Extensions:/usr/lib/java:."/>
    <property name="java.vm.info" value="mixed mode, sharing"/>
    <property name="stderr.encoding" value="UTF-8"/>
    <property name="java.vendor" value="Homebrew"/>
    <property name="java.vm.version" value="22.0.2"/>
    <property name="sun.io.unicode.encoding" value="UnicodeBig"/>
    <property name="socksNonProxyHosts" value="local|*.local|169.254/16|*.169.254/16"/>
    <property name="java.class.version" value="66.0"/>
  </properties>
  <testcase name="testGetAge" classname="com.hb.BookTest" time="0.013"/>
  <testcase name="shouldAnswerWithTrue on shouldAnswerWithTrue(com.hb.AppTest)" classname="com.hb.AppTest" time="0"/>
</testsuite>